2025-11-03 11:14:29,567 - data_preprocessing - DEBUG - Data loaded properly
2025-11-03 11:14:29,567 - data_preprocessing - DEBUG - Starting preprocessing for DataFrame
2025-11-03 11:14:29,568 - data_preprocessing - DEBUG - Target column encoded
2025-11-03 11:14:29,574 - data_preprocessing - DEBUG - Duplicates removed
2025-11-03 11:14:29,575 - data_preprocessing - ERROR - Error during text normalization: module 'nltk' has no attribute 'word_tokenizer'
2025-11-03 11:14:29,575 - data_preprocessing - ERROR - Failed to complete the data transformation process: module 'nltk' has no attribute 'word_tokenizer'
2025-11-03 11:15:07,294 - data_preprocessing - DEBUG - Data loaded properly
2025-11-03 11:15:07,294 - data_preprocessing - DEBUG - Starting preprocessing for DataFrame
2025-11-03 11:15:07,296 - data_preprocessing - DEBUG - Target column encoded
2025-11-03 11:15:07,298 - data_preprocessing - DEBUG - Duplicates removed
2025-11-03 11:15:07,382 - data_preprocessing - ERROR - Error during text normalization: 'str' object has no attribute 'islnum'
2025-11-03 11:15:07,382 - data_preprocessing - ERROR - Failed to complete the data transformation process: 'str' object has no attribute 'islnum'
2025-11-03 11:15:19,346 - data_preprocessing - DEBUG - Data loaded properly
2025-11-03 11:15:19,346 - data_preprocessing - DEBUG - Starting preprocessing for DataFrame
2025-11-03 11:15:19,348 - data_preprocessing - DEBUG - Target column encoded
2025-11-03 11:15:19,350 - data_preprocessing - DEBUG - Duplicates removed
2025-11-03 11:15:25,430 - data_preprocessing - DEBUG - Text column transformed
2025-11-03 11:15:25,430 - data_preprocessing - DEBUG - Starting preprocessing for DataFrame
2025-11-03 11:15:25,431 - data_preprocessing - DEBUG - Target column encoded
2025-11-03 11:15:25,435 - data_preprocessing - DEBUG - Duplicates removed
2025-11-03 11:15:27,149 - data_preprocessing - DEBUG - Text column transformed
2025-11-03 11:15:27,158 - data_preprocessing - DEBUG - Processed data saved to ./data\interim
2025-11-07 23:36:06,406 - data_preprocessing - DEBUG - Data loaded properly
2025-11-07 23:36:06,407 - data_preprocessing - DEBUG - Starting preprocessing for DataFrame
2025-11-07 23:36:06,412 - data_preprocessing - DEBUG - Target column encoded
2025-11-07 23:36:06,421 - data_preprocessing - DEBUG - Duplicates removed
2025-11-07 23:36:12,928 - data_preprocessing - DEBUG - Text column transformed
2025-11-07 23:36:12,929 - data_preprocessing - DEBUG - Starting preprocessing for DataFrame
2025-11-07 23:36:12,929 - data_preprocessing - DEBUG - Target column encoded
2025-11-07 23:36:12,930 - data_preprocessing - DEBUG - Duplicates removed
2025-11-07 23:36:14,661 - data_preprocessing - DEBUG - Text column transformed
2025-11-07 23:36:14,679 - data_preprocessing - DEBUG - Processed data saved to ./data\interim
2025-11-07 23:37:33,898 - data_preprocessing - DEBUG - Data loaded properly
2025-11-07 23:37:33,898 - data_preprocessing - DEBUG - Starting preprocessing for DataFrame
2025-11-07 23:37:33,900 - data_preprocessing - DEBUG - Target column encoded
2025-11-07 23:37:33,902 - data_preprocessing - DEBUG - Duplicates removed
2025-11-07 23:37:39,821 - data_preprocessing - DEBUG - Text column transformed
2025-11-07 23:37:39,821 - data_preprocessing - DEBUG - Starting preprocessing for DataFrame
2025-11-07 23:37:39,822 - data_preprocessing - DEBUG - Target column encoded
2025-11-07 23:37:39,823 - data_preprocessing - DEBUG - Duplicates removed
2025-11-07 23:37:41,393 - data_preprocessing - DEBUG - Text column transformed
2025-11-07 23:37:41,406 - data_preprocessing - DEBUG - Processed data saved to ./data\interim
