2025-11-03 10:35:18,421 - data_ingestion - DEBUG - Data loaded from https://raw.githubusercontent.com/tanveer-12/End-to-End-ML-Pipeline/refs/heads/main/experiments/spam.csv
2025-11-03 10:35:18,430 - data_ingestion - DEBUG - Data preprocessing completed
2025-11-03 10:35:18,444 - data_ingestion - DEBUG - Train and test data saved to ./data\raw
2025-11-07 23:37:25,112 - data_ingestion - DEBUG - Parameters retrieved from params.yaml
2025-11-07 23:37:26,133 - data_ingestion - DEBUG - Data loaded from https://raw.githubusercontent.com/tanveer-12/End-to-End-ML-Pipeline/refs/heads/main/experiments/spam.csv
2025-11-07 23:37:26,144 - data_ingestion - DEBUG - Data preprocessing completed
2025-11-07 23:37:26,156 - data_ingestion - DEBUG - Train and test data saved to ./data\raw
2025-11-07 23:40:24,699 - data_ingestion - DEBUG - Parameters retrieved from params.yaml
2025-11-07 23:40:25,411 - data_ingestion - DEBUG - Data loaded from https://raw.githubusercontent.com/tanveer-12/End-to-End-ML-Pipeline/refs/heads/main/experiments/spam.csv
2025-11-07 23:40:25,413 - data_ingestion - DEBUG - Data preprocessing completed
2025-11-07 23:40:25,422 - data_ingestion - DEBUG - Train and test data saved to ./data\raw
2025-11-07 23:41:26,350 - data_ingestion - DEBUG - Parameters retrieved from params.yaml
2025-11-07 23:41:27,286 - data_ingestion - DEBUG - Data loaded from https://raw.githubusercontent.com/tanveer-12/End-to-End-ML-Pipeline/refs/heads/main/experiments/spam.csv
2025-11-07 23:41:27,288 - data_ingestion - DEBUG - Data preprocessing completed
2025-11-07 23:41:27,298 - data_ingestion - DEBUG - Train and test data saved to ./data\raw
2025-11-07 23:47:35,537 - data_ingestion - DEBUG - Parameters retrieved from params.yaml
2025-11-07 23:47:36,381 - data_ingestion - DEBUG - Data loaded from https://raw.githubusercontent.com/tanveer-12/End-to-End-ML-Pipeline/refs/heads/main/experiments/spam.csv
2025-11-07 23:47:36,382 - data_ingestion - DEBUG - Data preprocessing completed
2025-11-07 23:47:36,393 - data_ingestion - DEBUG - Train and test data saved to data/raw
2025-11-07 23:49:27,188 - data_ingestion - DEBUG - Parameters retrieved from params.yaml
2025-11-07 23:49:27,791 - data_ingestion - DEBUG - Data loaded from https://raw.githubusercontent.com/tanveer-12/End-to-End-ML-Pipeline/refs/heads/main/experiments/spam.csv
2025-11-07 23:49:27,793 - data_ingestion - DEBUG - Data preprocessing completed
2025-11-07 23:49:27,804 - data_ingestion - DEBUG - Train and test data saved to data/raw
2025-11-07 23:50:21,163 - data_ingestion - DEBUG - Parameters retrieved from params.yaml
2025-11-07 23:50:21,905 - data_ingestion - DEBUG - Data loaded from https://raw.githubusercontent.com/tanveer-12/End-to-End-ML-Pipeline/refs/heads/main/experiments/spam.csv
2025-11-07 23:50:21,906 - data_ingestion - DEBUG - Data preprocessing completed
2025-11-07 23:50:21,919 - data_ingestion - DEBUG - Train and test data saved to data/raw
2025-11-07 23:52:48,248 - data_ingestion - DEBUG - Parameters retrieved from params.yaml
2025-11-07 23:52:48,990 - data_ingestion - DEBUG - Data loaded from https://raw.githubusercontent.com/tanveer-12/End-to-End-ML-Pipeline/refs/heads/main/experiments/spam.csv
2025-11-07 23:52:48,991 - data_ingestion - DEBUG - Data preprocessing completed
2025-11-07 23:52:49,001 - data_ingestion - DEBUG - Train and test data saved to C:/Users/tanve/Documents/Prac-Application-Learning/MLOps-Vikash/End-to-End-ML-Pipeline/data/raw
2025-11-07 23:54:17,967 - data_ingestion - DEBUG - Parameters retrieved from params.yaml
2025-11-07 23:54:18,986 - data_ingestion - DEBUG - Data loaded from https://raw.githubusercontent.com/tanveer-12/End-to-End-ML-Pipeline/refs/heads/main/experiments/spam.csv
2025-11-07 23:54:18,988 - data_ingestion - DEBUG - Data preprocessing completed
2025-11-07 23:54:19,000 - data_ingestion - DEBUG - Train and test data saved to C:/Users/tanve/Documents/Prac-Application-Learning/MLOps-Vikash/End-to-End-ML-Pipeline/data/raw
2025-11-17 09:10:42,555 - data_ingestion - DEBUG - Parameters retrieved from params.yaml
2025-11-17 09:10:42,841 - data_ingestion - DEBUG - Data loaded from https://raw.githubusercontent.com/tanveer-12/End-to-End-ML-Pipeline/refs/heads/main/experiments/spam.csv
2025-11-17 09:10:42,845 - data_ingestion - DEBUG - Data preprocessing completed
2025-11-17 09:10:42,854 - data_ingestion - DEBUG - Train and test data saved to C:/Users/tanve/Documents/Prac-Application-Learning/MLOps-Vikash/End-to-End-ML-Pipeline/data/raw
2025-11-17 09:19:14,643 - data_ingestion - DEBUG - Parameters retrieved from params.yaml
2025-11-17 09:19:14,847 - data_ingestion - DEBUG - Data loaded from https://raw.githubusercontent.com/tanveer-12/End-to-End-ML-Pipeline/refs/heads/main/experiments/spam.csv
2025-11-17 09:19:14,848 - data_ingestion - DEBUG - Data preprocessing completed
2025-11-17 09:19:14,856 - data_ingestion - DEBUG - Train and test data saved to data/raw
2025-11-17 09:21:28,768 - data_ingestion - DEBUG - Parameters retrieved from params.yaml
2025-11-17 09:21:28,943 - data_ingestion - DEBUG - Data loaded from https://raw.githubusercontent.com/tanveer-12/End-to-End-ML-Pipeline/refs/heads/main/experiments/spam.csv
2025-11-17 09:21:28,943 - data_ingestion - DEBUG - Data preprocessing completed
2025-11-17 09:21:28,953 - data_ingestion - DEBUG - Train and test data saved to data/raw
2025-11-17 09:22:04,815 - data_ingestion - DEBUG - Parameters retrieved from params.yaml
2025-11-17 09:22:04,994 - data_ingestion - DEBUG - Data loaded from https://raw.githubusercontent.com/tanveer-12/End-to-End-ML-Pipeline/refs/heads/main/experiments/spam.csv
2025-11-17 09:22:04,995 - data_ingestion - DEBUG - Data preprocessing completed
2025-11-17 09:22:05,003 - data_ingestion - DEBUG - Train and test data saved to data/raw
2025-11-17 09:24:43,658 - data_ingestion - DEBUG - Parameters retrieved from params.yaml
2025-11-17 09:24:43,899 - data_ingestion - DEBUG - Data loaded from https://raw.githubusercontent.com/tanveer-12/End-to-End-ML-Pipeline/refs/heads/main/experiments/spam.csv
2025-11-17 09:24:43,900 - data_ingestion - DEBUG - Data preprocessing completed
2025-11-17 09:24:43,910 - data_ingestion - DEBUG - Train and test data saved to data\raw
